C:\Users\User\source\repos\TaskAPI\ClientApp\dist\out-tsc\app\app.component.js
C:\Users\User\source\repos\TaskAPI\ClientApp\dist\out-tsc\app\app.component.js.map
C:\Users\User\source\repos\TaskAPI\ClientApp\dist\out-tsc\app\customer.model.js
C:\Users\User\source\repos\TaskAPI\ClientApp\dist\out-tsc\app\customer.model.js.map
C:\Users\User\source\repos\TaskAPI\ClientApp\dist\out-tsc\app\customer.service.js
C:\Users\User\source\repos\TaskAPI\ClientApp\dist\out-tsc\app\customer.service.js.map
C:\Users\User\source\repos\TaskAPI\ClientApp\dist\out-tsc\app\send-msg\msg.model.js
C:\Users\User\source\repos\TaskAPI\ClientApp\dist\out-tsc\app\send-msg\msg.model.js.map
C:\Users\User\source\repos\TaskAPI\ClientApp\dist\out-tsc\app\send-msg\msg.service.js
C:\Users\User\source\repos\TaskAPI\ClientApp\dist\out-tsc\app\send-msg\msg.service.js.map
C:\Users\User\source\repos\TaskAPI\ClientApp\dist\out-tsc\app\send-msg\send-msg.component.js
C:\Users\User\source\repos\TaskAPI\ClientApp\dist\out-tsc\app\send-msg\send-msg.component.js.map
C:\Users\User\source\repos\TaskAPI\ClientApp\dist\out-tsc\app\messages\messages.component.js
C:\Users\User\source\repos\TaskAPI\ClientApp\dist\out-tsc\app\messages\messages.component.js.map
C:\Users\User\source\repos\TaskAPI\ClientApp\dist\out-tsc\app\app.module.js
C:\Users\User\source\repos\TaskAPI\ClientApp\dist\out-tsc\app\app.module.js.map
C:\Users\User\source\repos\TaskAPI\ClientApp\dist\out-tsc\environments\environment.js
C:\Users\User\source\repos\TaskAPI\ClientApp\dist\out-tsc\environments\environment.js.map
C:\Users\User\source\repos\TaskAPI\ClientApp\dist\out-tsc\main.js
C:\Users\User\source\repos\TaskAPI\ClientApp\dist\out-tsc\main.js.map
C:\Users\User\source\repos\TaskAPI\ClientApp\dist\out-tsc\polyfills.js
C:\Users\User\source\repos\TaskAPI\ClientApp\dist\out-tsc\polyfills.js.map
C:\Users\User\source\repos\TaskAPI\ClientApp\dist\out-tsc\test.js
C:\Users\User\source\repos\TaskAPI\ClientApp\dist\out-tsc\test.js.map
C:\Users\User\source\repos\TaskAPI\ClientApp\dist\out-tsc\app\msgs-lst\msgs-lst.component.js
C:\Users\User\source\repos\TaskAPI\ClientApp\dist\out-tsc\app\msgs-lst\msgs-lst.component.js.map
C:\Users\User\source\repos\TaskAPI\ClientApp\dist\out-tsc\environments\environment.prod.js
C:\Users\User\source\repos\TaskAPI\ClientApp\dist\out-tsc\environments\environment.prod.js.map
